<?xml version="1.0" encoding="UTF-8"?>
<!-- Generated by org.testng.reporters.JUnitReportReporter -->
<testsuite hostname="DESKTOP-JJ546MA" failures="0" tests="1" name="com.testngframework.TestNGParameter" time="0.018" errors="0" timestamp="2022-02-10T17:53:08 IST" skipped="0">
  <testcase classname="com.testngframework.TestNGParameter" name="paraTest" time="0.018"/>
  <system-out/>
</testsuite> <!-- com.testngframework.TestNGParameter -->
