<?xml version="1.0" encoding="UTF-8"?>
<!-- Generated by org.testng.reporters.JUnitReportReporter -->
<testsuite hostname="DESKTOP-JJ546MA" failures="0" tests="3" name="com.testngframework.TestNGPriorties" time="0.021" errors="0" timestamp="2022-02-09T22:51:55 IST" skipped="0">
  <testcase classname="com.testngframework.TestNGPriorties" name="login" time="0.015"/>
  <system-out/>
  <testcase classname="com.testngframework.TestNGPriorties" name="createAccount" time="0.003"/>
  <system-out/>
  <testcase classname="com.testngframework.TestNGPriorties" name="logout" time="0.003"/>
  <system-out/>
</testsuite> <!-- com.testngframework.TestNGPriorties -->
