<?xml version="1.0" encoding="UTF-8"?>
<!-- Generated by org.testng.reporters.JUnitReportReporter -->
<testsuite hostname="DESKTOP-JJ546MA" failures="0" tests="2" name="com.testngframework.GroupInTestNG" time="0.027" errors="0" timestamp="2022-02-13T15:35:41 IST" skipped="0">
  <testcase classname="com.testngframework.GroupInTestNG" name="test4" time="0.003"/>
  <system-out/>
  <testcase classname="com.testngframework.GroupInTestNG" name="test1" time="0.024"/>
  <system-out/>
</testsuite> <!-- com.testngframework.GroupInTestNG -->
