<?xml version="1.0" encoding="UTF-8"?>
<!-- Generated by org.testng.reporters.JUnitReportReporter -->
<testsuite hostname="DESKTOP-JJ546MA" failures="0" tests="5" name="com.testngframework.TestNGDisabled" time="0.030" errors="0" timestamp="2022-02-07T22:41:20 IST" skipped="2">
  <testcase classname="com.testngframework.TestNGDisabled" name="test1" time="0.026"/>
  <system-out/>
  <testcase classname="com.testngframework.TestNGDisabled" name="test3" time="0.002"/>
  <system-out/>
  <testcase classname="com.testngframework.TestNGDisabled" name="test5" time="0.002"/>
  <system-out/>
  <testcase classname="com.testngframework.TestNGDisabled" name="test4">
    <skipped/>
  </testcase> <!-- test4 -->
  <system-out/>
  <testcase classname="com.testngframework.TestNGDisabled" name="test2">
    <skipped/>
  </testcase> <!-- test2 -->
  <system-out/>
</testsuite> <!-- com.testngframework.TestNGDisabled -->
