<?xml version="1.0" encoding="UTF-8"?>
<!-- Generated by org.testng.reporters.JUnitReportReporter -->
<testsuite hostname="DESKTOP-JJ546MA" failures="0" tests="1" name="com.testngframework.CrossBrowserTesting" time="3.799" errors="0" timestamp="2022-02-10T11:48:57 IST" skipped="0">
  <testcase classname="com.testngframework.CrossBrowserTesting" name="launchBrowser" time="3.799"/>
  <system-out/>
</testsuite> <!-- com.testngframework.CrossBrowserTesting -->
