<?xml version="1.0" encoding="UTF-8"?>
<!-- Generated by org.testng.reporters.JUnitReportReporter -->
<testsuite hostname="DESKTOP-JJ546MA" failures="0" tests="1" name="com.datadriventesting.SingUpFB" time="14.326" errors="0" timestamp="2022-04-09T21:43:49 IST" skipped="0">
  <testcase classname="com.datadriventesting.SingUpFB" name="verifyLogin" time="14.326"/>
  <system-out/>
</testsuite> <!-- com.datadriventesting.SingUpFB -->
