<?xml version="1.0" encoding="UTF-8"?>
<!-- Generated by org.testng.reporters.JUnitReportReporter -->
<testsuite hostname="DESKTOP-JJ546MA" failures="0" tests="1" name="com.testngframework.TestNGAnnotation" time="0.014" errors="0" timestamp="2022-03-08T13:07:58 IST" skipped="0">
  <testcase classname="com.testngframework.TestNGAnnotation" name="test1" time="0.014"/>
  <system-out/>
</testsuite> <!-- com.testngframework.TestNGAnnotation -->
