<?xml version="1.0" encoding="UTF-8"?>
<!-- Generated by org.testng.reporters.JUnitReportReporter -->
<testsuite hostname="DESKTOP-JJ546MA" failures="0" tests="3" name="com.testngframework.TestNGDependency" time="0.011" errors="0" timestamp="2022-02-08T18:22:01 IST" skipped="0">
  <testcase classname="com.testngframework.TestNGDependency" name="logout" time="0.004"/>
  <system-out/>
  <testcase classname="com.testngframework.TestNGDependency" name="login" time="0.003"/>
  <system-out/>
  <testcase classname="com.testngframework.TestNGDependency" name="createAccount" time="0.004"/>
  <system-out/>
</testsuite> <!-- com.testngframework.TestNGDependency -->
