<?xml version="1.0" encoding="UTF-8"?>
<!-- Generated by org.testng.reporters.JUnitReportReporter -->
<testsuite hostname="DESKTOP-JJ546MA" failures="0" tests="6" name="com.datadriventesting.DataDrivenTestDemo" time="0.027" errors="0" timestamp="2022-02-13T16:04:32 IST" skipped="0">
  <testcase classname="com.datadriventesting.DataDrivenTestDemo" name="getData" time="0.002"/>
  <system-out/>
  <testcase classname="com.datadriventesting.DataDrivenTestDemo" name="getTestData" time="0.002"/>
  <system-out/>
  <testcase classname="com.datadriventesting.DataDrivenTestDemo" name="getTestData" time="0.003"/>
  <system-out/>
  <testcase classname="com.datadriventesting.DataDrivenTestDemo" name="getTestData" time="0.003"/>
  <system-out/>
  <testcase classname="com.datadriventesting.DataDrivenTestDemo" name="getData" time="0.003"/>
  <system-out/>
  <testcase classname="com.datadriventesting.DataDrivenTestDemo" name="getData" time="0.014"/>
  <system-out/>
</testsuite> <!-- com.datadriventesting.DataDrivenTestDemo -->
