<?xml version="1.0" encoding="UTF-8"?>
<!-- Generated by org.testng.reporters.JUnitReportReporter -->
<testsuite hostname="DESKTOP-JJ546MA" failures="0" tests="1" name="com.testngframework.TestNGTest" time="0.012" errors="0" timestamp="2022-02-08T18:22:01 IST" skipped="0">
  <testcase classname="com.testngframework.TestNGTest" name="test" time="0.012"/>
  <system-out/>
</testsuite> <!-- com.testngframework.TestNGTest -->
